<?xml version="1.0" encoding="UTF-8"?>
<!-- Generated by org.testng.reporters.JUnitXMLReporter -->
<testsuite hostname="LAPTOP-RNPR9NEP" ignored="0" name="Test" tests="7" failures="0" timestamp="2021-05-29T09:54:28 IST" time="297.051" errors="0">
  <testcase name="AjioAccountTest" time="9.348" classname="com.appium.Scripts.AjioAccountScript"/>
  <testcase name="AjioSearchProductTest" time="8.665" classname="com.appium.Scripts.AjioBagScript"/>
  <testcase name="AjioSearchProductTest" time="8.213" classname="com.appium.Scripts.AjioSearchProductScript"/>
  <testcase name="AjioStoresTest" time="9.653" classname="com.appium.Scripts.AjioStoresScript"/>
  <testcase name="AjioWishlistTest" time="9.194" classname="com.appium.Scripts.AjioWishlistScript"/>
  <testcase name="AjioKidsTest" time="8.616" classname="com.appium.Scripts.AjioKidsScript"/>
  <testcase name="AjioHomeTest" time="7.786" classname="com.appium.Scripts.AjioHomeScript"/>
</testsuite> <!-- Test -->
