<?xml version="1.0" encoding="UTF-8"?>
<!-- Generated by org.testng.reporters.JUnitXMLReporter -->
<testsuite hostname="LAPTOP-RNPR9NEP" ignored="0" name="Test(failed)" tests="2" failures="0" timestamp="2021-05-27T14:17:27 IST" time="74.834" errors="0">
  <testcase name="AjioSearchProductTest" time="7.573" classname="com.appium.Scripts.AjioBagScript"/>
  <testcase name="AjioSearchProductTest" time="9.381" classname="com.appium.Scripts.AjioSearchProductScript"/>
</testsuite> <!-- Test(failed) -->
