<?xml version="1.0" encoding="UTF-8"?>
<!-- Generated by org.testng.reporters.JUnitXMLReporter -->
<testsuite hostname="LAPTOP-RNPR9NEP" ignored="0" name="Test" tests="7" failures="0" timestamp="2021-05-29T09:07:19 IST" time="602.984" errors="0">
  <testcase name="kitchentest" time="17.317" classname="com.seleniumAjioTests.HomeandKitchenTest"/>
  <testcase name="mentest" time="46.348" classname="com.seleniumAjioTests.MenTest"/>
  <testcase name="returntest" time="7.992" classname="com.seleniumAjioTests.ReturnTest"/>
  <testcase name="shoestest" time="18.098" classname="com.seleniumAjioTests.SearchTest"/>
  <testcase name="searchtest" time="27.792" classname="com.seleniumAjioTests.SignupTest"/>
  <testcase name="arrivaltest" time="19.408" classname="com.seleniumAjioTests.ArrivalsTest"/>
  <testcase name="indietest" time="26.983" classname="com.seleniumAjioTests.IndiesTest"/>
</testsuite> <!-- Test -->
