<?xml version="1.0" encoding="UTF-8"?>
<!-- Generated by org.testng.reporters.JUnitXMLReporter -->
<testsuite hostname="LAPTOP-RNPR9NEP" ignored="0" name="Test" tests="5" failures="5" timestamp="2021-05-27T10:55:14 IST" time="0.666" errors="0">
  <testcase name="Accountscript" time="0.317" classname="com.AppiumAjioScripts.AccountTest">
    <failure type="java.lang.NullPointerException">
      <![CDATA[java.lang.NullPointerException
at org.openqa.selenium.support.pagefactory.DefaultElementLocator.findElement(DefaultElementLocator.java:69)
at org.openqa.selenium.support.pagefactory.internal.LocatingElementHandler.invoke(LocatingElementHandler.java:38)
at com.sun.proxy.$Proxy7.click(Unknown Source)
at com.ajioAppium.pages.Account.Accountcheck(Account.java:24)
at com.AppiumAjioScripts.AccountTest.Accountscript(AccountTest.java:18)
at java.util.ArrayList.forEach(ArrayList.java:1259)
... Removed 27 stack frames]]>
    </failure>
  </testcase> <!-- Accountscript -->
  <testcase name="Bagscripts" time="0.054" classname="com.AppiumAjioScripts.BagTest">
    <failure type="java.lang.NullPointerException">
      <![CDATA[java.lang.NullPointerException
at org.openqa.selenium.support.pagefactory.DefaultElementLocator.findElement(DefaultElementLocator.java:69)
at org.openqa.selenium.support.pagefactory.internal.LocatingElementHandler.invoke(LocatingElementHandler.java:38)
at com.sun.proxy.$Proxy7.click(Unknown Source)
at com.ajioAppium.pages.Bag.BagCheck(Bag.java:24)
at com.AppiumAjioScripts.BagTest.Bagscripts(BagTest.java:18)
at java.util.ArrayList.forEach(ArrayList.java:1259)
... Removed 27 stack frames]]>
    </failure>
  </testcase> <!-- Bagscripts -->
  <testcase name="SearchProductScript" time="0.032" classname="com.AppiumAjioScripts.SearchProductTest">
    <failure type="java.lang.NullPointerException">
      <![CDATA[java.lang.NullPointerException
at org.openqa.selenium.support.pagefactory.DefaultElementLocator.findElement(DefaultElementLocator.java:69)
at org.openqa.selenium.support.pagefactory.internal.LocatingElementHandler.invoke(LocatingElementHandler.java:38)
at com.sun.proxy.$Proxy7.click(Unknown Source)
at com.ajioAppium.pages.SearchProduct.SearchProduct(SearchProduct.java:28)
at com.AppiumAjioScripts.SearchProductTest.SearchProductScript(SearchProductTest.java:24)
at java.util.ArrayList.forEach(ArrayList.java:1259)
... Removed 27 stack frames]]>
    </failure>
  </testcase> <!-- SearchProductScript -->
  <testcase name="storetests" time="0.084" classname="com.AppiumAjioScripts.StoresTest">
    <failure type="java.lang.NullPointerException">
      <![CDATA[java.lang.NullPointerException
at org.openqa.selenium.support.pagefactory.DefaultElementLocator.findElement(DefaultElementLocator.java:69)
at org.openqa.selenium.support.pagefactory.internal.LocatingElementHandler.invoke(LocatingElementHandler.java:38)
at com.sun.proxy.$Proxy7.click(Unknown Source)
at com.ajioAppium.pages.Stores.Storecheck(Stores.java:24)
at com.AppiumAjioScripts.StoresTest.storetests(StoresTest.java:21)
at java.util.ArrayList.forEach(ArrayList.java:1259)
... Removed 27 stack frames]]>
    </failure>
  </testcase> <!-- storetests -->
  <testcase name="wishlistscript" time="0.016" classname="com.AppiumAjioScripts.WishlstTest">
    <failure type="java.lang.NullPointerException">
      <![CDATA[java.lang.NullPointerException
at org.openqa.selenium.support.pagefactory.DefaultElementLocator.findElement(DefaultElementLocator.java:69)
at org.openqa.selenium.support.pagefactory.internal.LocatingElementHandler.invoke(LocatingElementHandler.java:38)
at com.sun.proxy.$Proxy7.click(Unknown Source)
at com.ajioAppium.pages.Wishlist.WishlistCheck(Wishlist.java:22)
at com.AppiumAjioScripts.WishlstTest.wishlistscript(WishlstTest.java:19)
at java.util.ArrayList.forEach(ArrayList.java:1259)
... Removed 27 stack frames]]>
    </failure>
  </testcase> <!-- wishlistscript -->
</testsuite> <!-- Test -->
